SF:lib/introduction_widget.dart
DA:3,0
DA:9,2
DA:18,1
DA:20,1
DA:22,1
DA:23,1
DA:24,2
DA:26,1
DA:27,2
LF:9
LH:8
end_of_record
SF:lib/scrolling_widget.dart
DA:3,0
DA:4,0
DA:5,0
DA:12,1
DA:14,1
DA:18,1
DA:20,1
DA:21,1
DA:24,1
DA:26,2
DA:27,1
DA:28,1
DA:29,1
DA:30,2
DA:31,2
LF:15
LH:12
end_of_record
SF:lib/interaction_widget.dart
DA:3,0
DA:6,2
DA:8,1
DA:9,1
DA:17,1
DA:19,1
DA:21,1
DA:22,1
DA:25,1
DA:26,1
DA:27,1
DA:29,1
DA:31,1
DA:32,1
DA:33,2
DA:34,1
DA:35,2
DA:37,1
DA:38,2
DA:39,3
DA:40,1
DA:41,2
DA:48,1
DA:49,1
DA:50,2
DA:51,4
DA:52,2
LF:27
LH:26
end_of_record
